1709128183797 GET /
1709275897839 GET /demo
1709275901858 POST /demo
1709275922299 POST /upload-img
1709276026458 POST /demo/upload-img
1709276130303 POST /demo/upload-img
1709276152614 POST /upload-img
1709276273421 POST /upload-img
1709276323506 GET /
1709276326682 GET /about
1709276328949 GET /
1709276331881 GET /demo
1709276385822 POST /upload-img
1709276402400 POST /demo/upload-img
1709276426697 GET /demo/upload-img
1709276439174 POST /demo/upload-img
1709282687023 GET /
1709282690411 POST /demo/upload-img
1709282693133 POST /demo/upload-img
1709282697327 POST /demo/upload-img
1709282758368 POST /demo/upload-img
1709282882422 POST /demo/upload-img
1709283059491 POST /demo/upload-img
1709283063899 POST /demo/upload-img
1709283070091 POST /upload
1709283086821 POST /upload/upload-img
1709283987499 POST /upload/upload-img
1709284031713 POST /upload/upload-img
1709737318502 GET /
1709737657230 POST /upload/upload-img
1709737697984 POST /upload/upload-img
1709737763696 POST /upload/upload-img
1709737861971 POST /upload/lol
